{
  "RSpec": {
    "coverage": {
      "/home/trimegisto/Documentos/Universidad/Materias s2 2016/Ingenieria/grupal-MrSpec/MrSpec/model/assertions.rb": [
        1,
        null,
        1,
        6,
        5,
        null,
        1,
        null,
        null,
        null,
        1,
        6,
        5,
        null,
        1,
        null,
        null,
        null,
        1,
        null,
        13,
        8,
        null,
        5,
        null,
        null,
        null,
        null,
        null,
        1,
        1,
        1,
        7,
        null,
        null,
        null,
        null
      ],
      "/home/trimegisto/Documentos/Universidad/Materias s2 2016/Ingenieria/grupal-MrSpec/MrSpec/model/Utils/Example_classes/person.rb": [
        1,
        null,
        1,
        null,
        1,
        12,
        12,
        null,
        null,
        1,
        0,
        0,
        null,
        null,
        null
      ],
      "/home/trimegisto/Documentos/Universidad/Materias s2 2016/Ingenieria/grupal-MrSpec/MrSpec/model/report.rb": [
        1,
        1,
        null,
        1,
        6,
        6,
        6,
        null,
        null,
        1,
        9,
        null,
        null,
        1,
        3,
        null,
        null,
        1,
        32,
        null,
        null,
        1,
        32,
        null,
        null,
        1,
        5,
        null,
        null,
        1,
        4,
        null,
        null,
        1,
        3,
        3,
        3,
        3,
        3,
        3,
        3,
        3,
        3,
        3,
        3,
        null,
        null,
        1,
        3,
        3,
        3,
        18,
        null,
        null,
        3,
        3,
        3,
        3,
        null,
        null,
        null
      ],
      "/home/trimegisto/Documentos/Universidad/Materias s2 2016/Ingenieria/grupal-MrSpec/MrSpec/model/test_results.rb": [
        1,
        null,
        1,
        1,
        null,
        1,
        31,
        31,
        31,
        null,
        null,
        1,
        22,
        null,
        null,
        1,
        7,
        null,
        null,
        null,
        null,
        1,
        1,
        28,
        null,
        null,
        1,
        15,
        15,
        null,
        0,
        null,
        null,
        null,
        null,
        1,
        1,
        5,
        null,
        null,
        1,
        3,
        null,
        null,
        null
      ],
      "/home/trimegisto/Documentos/Universidad/Materias s2 2016/Ingenieria/grupal-MrSpec/MrSpec/model/Utils/Test_suits/example_suit_mr_spec.rb": [
        1,
        null,
        1,
        null,
        1,
        22,
        22,
        22,
        22,
        null,
        null,
        1,
        4,
        4,
        null,
        null,
        1,
        4,
        4,
        null,
        null,
        1,
        null,
        null,
        null,
        1,
        4,
        null,
        null,
        1,
        4,
        4,
        4,
        null,
        null,
        1,
        null,
        null,
        null,
        1,
        3,
        6,
        null,
        3,
        6,
        null,
        3,
        6,
        null,
        null,
        null,
        1,
        18,
        18,
        18,
        18,
        null,
        null
      ],
      "/home/trimegisto/Documentos/Universidad/Materias s2 2016/Ingenieria/grupal-MrSpec/MrSpec/model/mr_spec.rb": [
        1,
        1,
        1,
        1,
        null,
        1,
        null,
        1,
        494,
        null,
        null,
        1,
        491,
        null,
        null,
        1,
        0,
        0,
        0,
        null,
        null,
        1,
        3,
        21,
        3,
        3,
        3,
        3,
        null,
        null,
        1,
        22,
        22,
        22,
        22,
        18,
        null,
        4,
        null,
        18,
        null,
        null,
        1,
        40,
        40,
        null,
        null,
        null
      ],
      "/home/trimegisto/Documentos/Universidad/Materias s2 2016/Ingenieria/grupal-MrSpec/MrSpec/model/gwt_syntax.rb": [
        1,
        null,
        1,
        null,
        null,
        null,
        1,
        null,
        null,
        null,
        1,
        3,
        null,
        null,
        1,
        3,
        null,
        null,
        1,
        3,
        null,
        null,
        null
      ]
    },
    "timestamp": 1479812334
  }
}
