{
  "RSpec": {
    "coverage": {
      "C:/Users/rodri/Desktop/grupal-mr-spec/MrSpec/model/mr_spec.rb": [
        1,
        1,
        null,
        1,
        null,
        1,
        262,
        null,
        null,
        1,
        262,
        null,
        null,
        1,
        4,
        4,
        4,
        null,
        1,
        null,
        3,
        null,
        null
      ],
      "C:/Users/rodri/Desktop/grupal-mr-spec/MrSpec/model/assertions.rb": [
        1,
        null,
        1,
        1,
        1,
        null,
        0,
        null,
        null,
        null,
        1,
        1,
        1,
        null,
        0,
        null,
        null,
        null,
        1,
        null,
        2,
        1,
        null,
        1,
        null,
        null,
        null,
        null,
        null,
        1,
        null
      ],
      "C:/Users/rodri/Desktop/grupal-mr-spec/MrSpec/model/test_results.rb": [
        1,
        1,
        null,
        1,
        4,
        4,
        null,
        null,
        1,
        0,
        null,
        null,
        1,
        1,
        null,
        null,
        null,
        1,
        1,
        3,
        null,
        null,
        null,
        null,
        1,
        1,
        0,
        null,
        null,
        null
      ],
      "C:/Users/rodri/Desktop/grupal-mr-spec/MrSpec/model/Utils/Test_suits/example_suit.rb": [
        1,
        null,
        1,
        null,
        1,
        1,
        null,
        null,
        1,
        1,
        null,
        null,
        1,
        null,
        null,
        null,
        1,
        1,
        null,
        null,
        1,
        1,
        null,
        null,
        1,
        null,
        null,
        null
      ]
    },
    "timestamp": 1477273580
  }
}
